<?xml version="1.0" encoding="UTF-8"?>
<!-- Generated by org.testng.reporters.JUnitReportReporter -->
<testsuite hostname="Anupam-PC" failures="0" tests="1" name="com.testcases.LoginFacebook" time="12.083" errors="0" timestamp="2020-04-23T23:14:04 CDT" skipped="0">
  <testcase classname="com.testcases.LoginFacebook" name="loginFacebook" time="12.083"/>
  <system-out/>
</testsuite> <!-- com.testcases.LoginFacebook -->
