<?xml version="1.0" encoding="UTF-8"?>
<!-- Generated by org.testng.reporters.JUnitReportReporter -->
<testsuite hostname="Anupam-PC" failures="0" tests="1" name="com.testcases.TestCaseWithoutFramework" time="11.111" errors="0" timestamp="2020-04-20T20:25:13 CDT" skipped="0">
  <testcase classname="com.testcases.TestCaseWithoutFramework" name="openFacebook" time="11.111"/>
  <system-out/>
</testsuite> <!-- com.testcases.TestCaseWithoutFramework -->
